<?xml version="1.0" encoding="UTF-8"?>
<!-- Generated by org.testng.reporters.JUnitReportReporter -->
<testsuite hostname="Ravi-PC" name="com.scripts.DemoWorkShop.DemoWorkShopFunction" tests="1" failures="0" timestamp="22 Nov 2020 14:23:51 GMT" time="34.803" errors="0">
  <testcase name="endToEndScenario" time="34.803" classname="com.scripts.DemoWorkShop.DemoWorkShopFunction"/>
</testsuite> <!-- com.scripts.DemoWorkShop.DemoWorkShopFunction -->
