<?xml version="1.0" encoding="UTF-8"?>
<!-- Generated by org.testng.reporters.JUnitReportReporter -->
<testsuite skipped="0" hostname="DESKTOP-7FL32K7" name="com.scripts.DemoWorkShop.DemoWorkShopFunction" tests="1" failures="0" timestamp="2020-11-23T18:38:01 IST" time="25.452" errors="0">
  <testcase name="endToEndScenario" time="25.452" classname="com.scripts.DemoWorkShop.DemoWorkShopFunction"/>
  <system-out/>
</testsuite> <!-- com.scripts.DemoWorkShop.DemoWorkShopFunction -->
